New log file opened at Thu Dec 01 23:57:25 EST 2016 by 8130@lawn-143-215-114-221.lawn.gatech.edu
jvm 8130@lawn-143-215-114-221.lawn.gatech.edu
jvm vmName=Java HotSpot(TM) 64-Bit Server VM vmVendor=Oracle Corporation vmVersion=25.20-b23
jvm specName=Java Virtual Machine Specification specVendor=Oracle Corporation specVersion=1.8
jvm arguments: [-Xms256m, -Xmx1024m, -XX:MetaspaceSize=64m, -XX:MaxMetaspaceSize=256m]
Starting event engine
Starting sbt command engine
Waiting for sbt command engine
Command engine arguments=List()
Command engine baseDirectory=/Users/brycerich/Desktop/Fall2016/ECE4012/SeniorDesign/RamblinTek/replay
Command engine initial remaining commands List(--initialize, onFailure load-failed, boot, server-send-ready-for-request, server-handle-next-server-request)
> --initialize
> initialize
> onFailure load-failed
> boot
> reload
[Loading] Scanning directory /Users/brycerich/Desktop/Fall2016/ECE4012/SeniorDesign/RamblinTek/replay/project
[Loading] Found non-root projects 
[Loading] Done in /Users/brycerich/Desktop/Fall2016/ECE4012/SeniorDesign/RamblinTek/replay/project, returning: ()
deducing auto plugins based on known facts Set(Atom(sbt.plugins.CorePlugin)) and clauses Clauses(List(Clause(Atom(sbt.plugins.JvmPlugin),Set(Atom(sbt.plugins.IvyPlugin))), Clause(Atom(sbt.plugins.JUnitXmlReportPlugin),Set(Atom(sbt.plugins.JvmPlugin))), Clause(Atom(sbt.plugins.CorePlugin),Set(Atom(sbt.plugins.IvyPlugin))), Clause(Atom(sbt.plugins.IvyPlugin),Set(Atom(sbt.plugins.JvmPlugin))), Clause(Atom(sbt.plugins.JvmPlugin),Set(Atom(sbt.plugins.JUnitXmlReportPlugin)))))
  :: deduced result: Matched(sbt.plugins.CorePlugin,sbt.plugins.IvyPlugin,sbt.plugins.JvmPlugin,sbt.plugins.JUnitXmlReportPlugin)
sorting: ns: List(sbt.plugins.CorePlugin, sbt.plugins.IvyPlugin, sbt.plugins.JvmPlugin, sbt.plugins.JUnitXmlReportPlugin)
  :: sorting:: found: List(sbt.plugins.CorePlugin) not found List(sbt.plugins.IvyPlugin, sbt.plugins.JvmPlugin, sbt.plugins.JUnitXmlReportPlugin)
  :: sorting:: found: List(sbt.plugins.CorePlugin, sbt.plugins.IvyPlugin) not found List(sbt.plugins.JvmPlugin, sbt.plugins.JUnitXmlReportPlugin)
  :: sorting:: found: List(sbt.plugins.CorePlugin, sbt.plugins.IvyPlugin, sbt.plugins.JvmPlugin) not found List(sbt.plugins.JUnitXmlReportPlugin)
  :: sorting:: found: List(sbt.plugins.CorePlugin, sbt.plugins.IvyPlugin, sbt.plugins.JvmPlugin, sbt.plugins.JUnitXmlReportPlugin) not found List()
  :: sorted deduced result: List(sbt.plugins.CorePlugin, sbt.plugins.IvyPlugin, sbt.plugins.JvmPlugin, sbt.plugins.JUnitXmlReportPlugin)
[Loading] Done in /Users/brycerich/Desktop/Fall2016/ECE4012/SeniorDesign/RamblinTek/replay/project, returning: (replay-build)
Loading project definition from /Users/brycerich/Desktop/Fall2016/ECE4012/SeniorDesign/RamblinTek/replay/project
Running task... Cancel: sbt.TaskCancellationStrategy$Null$@1ba085c9, check cycles: false
[warn] Multiple resolvers having different access mechanism configured with same name 'typesafe-releases'. To avoid conflict, Remove duplicate project resolvers (`resolvers`) or rename publishing resolver (`publishTo`).
Multiple resolvers having different access mechanism configured with same name 'typesafe-releases'. To avoid conflict, Remove duplicate project resolvers (`resolvers`) or rename publishing resolver (`publishTo`).

Initial source changes: 
	removed:Set()
	added: Set()
	modified: Set()
Removed products: Set()
External API changes: API Changes: Set()
Modified binary dependencies: Set()
Initial directly invalidated sources: Set()

Sources indirectly invalidated by:
	product: Set()
	binary dep: Set()
	external source: Set()
All initially invalidated sources: Set()

Copy resource mappings: 
	
[Loading] Scanning directory /Users/brycerich/Desktop/Fall2016/ECE4012/SeniorDesign/RamblinTek/replay
[Loading] Found root project root w/ remaining 
deducing auto plugins based on known facts Set(Atom(play.sbt.PlayScala), Atom(sbt.plugins.CorePlugin)) and clauses Clauses(List(Clause(Atom(sbt.plugins.JvmPlugin),Set(Atom(sbt.plugins.IvyPlugin))), Clause(Atom(sbt.plugins.JUnitXmlReportPlugin),Set(Atom(sbt.plugins.JvmPlugin))), Clause(Atom(play.sbt.forkrun.PlayForkRun),Set(Atom(sbt.plugins.BackgroundRunPlugin))), Clause(Atom(play.sbt.forkrun.PlayForkRun),Set(Atom(play.sbt.Play))), Clause(Atom(play.sbt.forkrun.PlayForkRun),Set(Atom(sbt.plugins.SerializersPlugin))), Clause(Atom(play.sbt.Play),Set(Atom(com.typesafe.sbt.packager.archetypes.JavaServerAppPackaging))), Clause(Atom(play.sbt.Play),Set(Atom(play.sbt.routes.RoutesCompiler))), Clause(Atom(play.sbt.Play),Set(Atom(play.twirl.sbt.SbtTwirl))), Clause(Atom(play.sbt.Play),Set(Atom(com.typesafe.sbt.jse.SbtJsTask))), Clause(Atom(play.sbt.PlayAkkaHttpServer),Set(Atom(play.sbt.Play))), Clause(Atom(play.sbt.PlayJava),Set(Atom(play.sbt.Play))), Clause(Atom(play.sbt.PlayLayoutPlugin),Set(Atom(play.sbt.Play))), Clause(Atom(play.sbt.PlayNettyServer),Set(Atom(play.sbt.Play))), Clause(Atom(play.sbt.PlayScala),Set(Atom(play.sbt.Play))), Clause(Atom(play.sbt.routes.RoutesCompiler),Set(Atom(sbt.plugins.JvmPlugin))), Clause(Atom(play.twirl.sbt.SbtTwirl),Set(Atom(sbt.plugins.JvmPlugin))), Clause(Atom(com.typesafe.sbt.packager.archetypes.AkkaAppPackaging),Set(Atom(com.typesafe.sbt.packager.archetypes.JavaAppPackaging))), Clause(Atom(com.typesafe.sbt.packager.archetypes.JavaAppPackaging),Set(Atom(com.typesafe.sbt.packager.windows.WindowsPlugin))), Clause(Atom(com.typesafe.sbt.packager.archetypes.JavaAppPackaging),Set(Atom(com.typesafe.sbt.packager.docker.DockerPlugin))), Clause(Atom(com.typesafe.sbt.packager.archetypes.JavaAppPackaging),Set(Atom(com.typesafe.sbt.packager.debian.DebianPlugin))), Clause(Atom(com.typesafe.sbt.packager.archetypes.JavaAppPackaging),Set(Atom(com.typesafe.sbt.packager.rpm.RpmPlugin))), Clause(Atom(com.typesafe.sbt.packager.archetypes.JavaServerAppPackaging),Set(Atom(com.typesafe.sbt.packager.archetypes.JavaAppPackaging))), Clause(Atom(com.typesafe.sbt.packager.archetypes.jar.ClasspathJarPlugin),Set(Atom(com.typesafe.sbt.packager.archetypes.JavaAppPackaging))), Clause(Atom(com.typesafe.sbt.packager.archetypes.jar.LauncherJarPlugin),Set(Atom(com.typesafe.sbt.packager.archetypes.JavaAppPackaging))), Clause(Atom(com.typesafe.sbt.packager.debian.DebianDeployPlugin),Set(Atom(com.typesafe.sbt.packager.debian.DebianPlugin))), Clause(Atom(com.typesafe.sbt.packager.debian.DebianPlugin),Set(Atom(com.typesafe.sbt.packager.linux.LinuxPlugin))), Clause(Atom(com.typesafe.sbt.packager.debian.JDebPackaging),Set(Atom(com.typesafe.sbt.packager.debian.DebianPlugin))), Clause(Atom(com.typesafe.sbt.packager.docker.DockerPlugin),Set(Atom(com.typesafe.sbt.packager.universal.UniversalPlugin))), Clause(Atom(com.typesafe.sbt.packager.jdkpackager.JDKPackagerDeployPlugin),Set(Atom(com.typesafe.sbt.packager.jdkpackager.JDKPackagerPlugin))), Clause(Atom(com.typesafe.sbt.packager.jdkpackager.JDKPackagerPlugin),Set(Atom(com.typesafe.sbt.packager.archetypes.JavaAppPackaging))), Clause(Atom(com.typesafe.sbt.packager.jdkpackager.JDKPackagerPlugin),Set(Atom(com.typesafe.sbt.packager.archetypes.jar.ClasspathJarPlugin))), Clause(Atom(com.typesafe.sbt.packager.linux.LinuxPlugin),Set(Atom(com.typesafe.sbt.packager.universal.UniversalPlugin))), Clause(Atom(com.typesafe.sbt.packager.rpm.RpmDeployPlugin),Set(Atom(com.typesafe.sbt.packager.rpm.RpmPlugin))), Clause(Atom(com.typesafe.sbt.packager.rpm.RpmPlugin),Set(Atom(com.typesafe.sbt.packager.linux.LinuxPlugin))), Clause(Atom(com.typesafe.sbt.packager.universal.UniversalDeployPlugin),Set(Atom(com.typesafe.sbt.packager.universal.UniversalPlugin))), Clause(Atom(com.typesafe.sbt.packager.universal.UniversalPlugin),Set(Atom(com.typesafe.sbt.SbtNativePackager))), Clause(Atom(com.typesafe.sbt.packager.windows.WindowsDeployPlugin),Set(Atom(com.typesafe.sbt.packager.windows.WindowsPlugin))), Clause(Atom(com.typesafe.sbt.packager.windows.WindowsPlugin),Set(Atom(com.typesafe.sbt.packager.universal.UniversalPlugin))), Clause(Atom(com.typesafe.sbt.web.SbtWeb),Set(Atom(sbt.plugins.JvmPlugin))), Clause(Atom(com.typesafe.sbt.jse.SbtJsEngine),Set(Atom(com.typesafe.sbt.web.SbtWeb))), Clause(Atom(com.typesafe.sbt.jse.SbtJsTask),Set(Atom(com.typesafe.sbt.jse.SbtJsEngine))), Clause(Atom(sbt.plugins.BackgroundRunPlugin),Set(Atom(sbt.plugins.JvmPlugin))), Clause(Atom(com.typesafe.sbt.less.SbtLess),Set(Atom(com.typesafe.sbt.jse.SbtJsTask))), Clause(Atom(com.typesafe.sbt.coffeescript.SbtCoffeeScript),Set(Atom(com.typesafe.sbt.jse.SbtJsTask))), Clause(Atom(sbt.plugins.CorePlugin),Set(Atom(sbt.plugins.IvyPlugin))), Clause(Atom(sbt.plugins.IvyPlugin),Set(Atom(sbt.plugins.JvmPlugin))), Clause(Atom(sbt.plugins.JvmPlugin),Set(Atom(sbt.plugins.JUnitXmlReportPlugin))), Clause(And(Set(Atom(sbt.plugins.BackgroundRunPlugin), Atom(play.sbt.Play), Atom(sbt.plugins.SerializersPlugin))),Set(Atom(play.sbt.forkrun.PlayForkRun))), Clause(Atom(play.sbt.Play),Set(Atom(play.sbt.PlayLayoutPlugin))), Clause(Atom(play.sbt.Play),Set(Atom(play.sbt.PlayNettyServer))), Clause(Atom(com.typesafe.sbt.web.SbtWeb),Set(Atom(com.typesafe.sbt.jse.SbtJsEngine))), Clause(Atom(com.typesafe.sbt.jse.SbtJsEngine),Set(Atom(com.typesafe.sbt.jse.SbtJsTask))), Clause(Atom(sbt.plugins.JvmPlugin),Set(Atom(sbt.plugins.BackgroundRunPlugin))), Clause(Atom(sbt.plugins.CorePlugin),Set(Atom(sbt.plugins.InteractionServicePlugin))), Clause(Atom(sbt.plugins.CorePlugin),Set(Atom(sbt.plugins.SendEventServicePlugin))), Clause(Atom(sbt.plugins.CorePlugin),Set(Atom(sbt.plugins.SerializersPlugin))), Clause(Atom(com.typesafe.sbt.jse.SbtJsTask),Set(Atom(com.typesafe.sbt.less.SbtLess))), Clause(Atom(com.typesafe.sbt.jse.SbtJsTask),Set(Atom(com.typesafe.sbt.coffeescript.SbtCoffeeScript)))))
  :: deduced result: Matched(sbt.plugins.CorePlugin,play.sbt.PlayScala,sbt.plugins.InteractionServicePlugin,sbt.plugins.SendEventServicePlugin,play.sbt.Play,sbt.plugins.SerializersPlugin,sbt.plugins.IvyPlugin,com.typesafe.sbt.packager.archetypes.JavaServerAppPackaging,play.twirl.sbt.SbtTwirl,sbt.plugins.JvmPlugin,play.sbt.PlayNettyServer,play.sbt.PlayLayoutPlugin,play.sbt.routes.RoutesCompiler,com.typesafe.sbt.jse.SbtJsTask,com.typesafe.sbt.packager.archetypes.JavaAppPackaging,sbt.plugins.JUnitXmlReportPlugin,com.typesafe.sbt.less.SbtLess,com.typesafe.sbt.jse.SbtJsEngine,com.typesafe.sbt.coffeescript.SbtCoffeeScript,sbt.plugins.BackgroundRunPlugin,com.typesafe.sbt.packager.rpm.RpmPlugin,com.typesafe.sbt.packager.windows.WindowsPlugin,com.typesafe.sbt.web.SbtWeb,com.typesafe.sbt.packager.docker.DockerPlugin,play.sbt.forkrun.PlayForkRun,com.typesafe.sbt.packager.debian.DebianPlugin,com.typesafe.sbt.packager.universal.UniversalPlugin,com.typesafe.sbt.packager.linux.LinuxPlugin,com.typesafe.sbt.SbtNativePackager)
sorting: ns: List(sbt.plugins.CorePlugin, play.sbt.PlayScala, sbt.plugins.InteractionServicePlugin, sbt.plugins.SendEventServicePlugin, play.sbt.Play, sbt.plugins.SerializersPlugin, sbt.plugins.IvyPlugin, com.typesafe.sbt.packager.archetypes.JavaServerAppPackaging, play.twirl.sbt.SbtTwirl, sbt.plugins.JvmPlugin, play.sbt.PlayNettyServer, play.sbt.PlayLayoutPlugin, play.sbt.routes.RoutesCompiler, com.typesafe.sbt.jse.SbtJsTask, com.typesafe.sbt.packager.archetypes.JavaAppPackaging, sbt.plugins.JUnitXmlReportPlugin, com.typesafe.sbt.less.SbtLess, com.typesafe.sbt.jse.SbtJsEngine, com.typesafe.sbt.coffeescript.SbtCoffeeScript, sbt.plugins.BackgroundRunPlugin, com.typesafe.sbt.packager.rpm.RpmPlugin, com.typesafe.sbt.packager.windows.WindowsPlugin, com.typesafe.sbt.web.SbtWeb, com.typesafe.sbt.packager.docker.DockerPlugin, play.sbt.forkrun.PlayForkRun, com.typesafe.sbt.packager.debian.DebianPlugin, com.typesafe.sbt.packager.universal.UniversalPlugin, com.typesafe.sbt.packager.linux.LinuxPlugin, com.typesafe.sbt.SbtNativePackager)
  :: sorting:: found: List(sbt.plugins.CorePlugin, com.typesafe.sbt.SbtNativePackager) not found List(play.sbt.PlayScala, sbt.plugins.InteractionServicePlugin, sbt.plugins.SendEventServicePlugin, play.sbt.Play, sbt.plugins.SerializersPlugin, sbt.plugins.IvyPlugin, com.typesafe.sbt.packager.archetypes.JavaServerAppPackaging, play.twirl.sbt.SbtTwirl, sbt.plugins.JvmPlugin, play.sbt.PlayNettyServer, play.sbt.PlayLayoutPlugin, play.sbt.routes.RoutesCompiler, com.typesafe.sbt.jse.SbtJsTask, com.typesafe.sbt.packager.archetypes.JavaAppPackaging, sbt.plugins.JUnitXmlReportPlugin, com.typesafe.sbt.less.SbtLess, com.typesafe.sbt.jse.SbtJsEngine, com.typesafe.sbt.coffeescript.SbtCoffeeScript, sbt.plugins.BackgroundRunPlugin, com.typesafe.sbt.packager.rpm.RpmPlugin, com.typesafe.sbt.packager.windows.WindowsPlugin, com.typesafe.sbt.web.SbtWeb, com.typesafe.sbt.packager.docker.DockerPlugin, play.sbt.forkrun.PlayForkRun, com.typesafe.sbt.packager.debian.DebianPlugin, com.typesafe.sbt.packager.universal.UniversalPlugin, com.typesafe.sbt.packager.linux.LinuxPlugin)
  :: sorting:: found: List(sbt.plugins.CorePlugin, com.typesafe.sbt.SbtNativePackager, sbt.plugins.InteractionServicePlugin, sbt.plugins.SendEventServicePlugin, sbt.plugins.SerializersPlugin, sbt.plugins.IvyPlugin, com.typesafe.sbt.packager.universal.UniversalPlugin) not found List(play.sbt.PlayScala, play.sbt.Play, com.typesafe.sbt.packager.archetypes.JavaServerAppPackaging, play.twirl.sbt.SbtTwirl, sbt.plugins.JvmPlugin, play.sbt.PlayNettyServer, play.sbt.PlayLayoutPlugin, play.sbt.routes.RoutesCompiler, com.typesafe.sbt.jse.SbtJsTask, com.typesafe.sbt.packager.archetypes.JavaAppPackaging, sbt.plugins.JUnitXmlReportPlugin, com.typesafe.sbt.less.SbtLess, com.typesafe.sbt.jse.SbtJsEngine, com.typesafe.sbt.coffeescript.SbtCoffeeScript, sbt.plugins.BackgroundRunPlugin, com.typesafe.sbt.packager.rpm.RpmPlugin, com.typesafe.sbt.packager.windows.WindowsPlugin, com.typesafe.sbt.web.SbtWeb, com.typesafe.sbt.packager.docker.DockerPlugin, play.sbt.forkrun.PlayForkRun, com.typesafe.sbt.packager.debian.DebianPlugin, com.typesafe.sbt.packager.linux.LinuxPlugin)
  :: sorting:: found: List(sbt.plugins.CorePlugin, com.typesafe.sbt.SbtNativePackager, sbt.plugins.InteractionServicePlugin, sbt.plugins.SendEventServicePlugin, sbt.plugins.SerializersPlugin, sbt.plugins.IvyPlugin, com.typesafe.sbt.packager.universal.UniversalPlugin, sbt.plugins.JvmPlugin, com.typesafe.sbt.packager.windows.WindowsPlugin, com.typesafe.sbt.packager.docker.DockerPlugin, com.typesafe.sbt.packager.linux.LinuxPlugin) not found List(play.sbt.PlayScala, play.sbt.Play, com.typesafe.sbt.packager.archetypes.JavaServerAppPackaging, play.twirl.sbt.SbtTwirl, play.sbt.PlayNettyServer, play.sbt.PlayLayoutPlugin, play.sbt.routes.RoutesCompiler, com.typesafe.sbt.jse.SbtJsTask, com.typesafe.sbt.packager.archetypes.JavaAppPackaging, sbt.plugins.JUnitXmlReportPlugin, com.typesafe.sbt.less.SbtLess, com.typesafe.sbt.jse.SbtJsEngine, com.typesafe.sbt.coffeescript.SbtCoffeeScript, sbt.plugins.BackgroundRunPlugin, com.typesafe.sbt.packager.rpm.RpmPlugin, com.typesafe.sbt.web.SbtWeb, play.sbt.forkrun.PlayForkRun, com.typesafe.sbt.packager.debian.DebianPlugin)
  :: sorting:: found: List(sbt.plugins.CorePlugin, com.typesafe.sbt.SbtNativePackager, sbt.plugins.InteractionServicePlugin, sbt.plugins.SendEventServicePlugin, sbt.plugins.SerializersPlugin, sbt.plugins.IvyPlugin, com.typesafe.sbt.packager.universal.UniversalPlugin, sbt.plugins.JvmPlugin, com.typesafe.sbt.packager.windows.WindowsPlugin, com.typesafe.sbt.packager.docker.DockerPlugin, com.typesafe.sbt.packager.linux.LinuxPlugin, play.twirl.sbt.SbtTwirl, play.sbt.routes.RoutesCompiler, sbt.plugins.JUnitXmlReportPlugin, sbt.plugins.BackgroundRunPlugin, com.typesafe.sbt.packager.rpm.RpmPlugin, com.typesafe.sbt.web.SbtWeb, com.typesafe.sbt.packager.debian.DebianPlugin) not found List(play.sbt.PlayScala, play.sbt.Play, com.typesafe.sbt.packager.archetypes.JavaServerAppPackaging, play.sbt.PlayNettyServer, play.sbt.PlayLayoutPlugin, com.typesafe.sbt.jse.SbtJsTask, com.typesafe.sbt.packager.archetypes.JavaAppPackaging, com.typesafe.sbt.less.SbtLess, com.typesafe.sbt.jse.SbtJsEngine, com.typesafe.sbt.coffeescript.SbtCoffeeScript, play.sbt.forkrun.PlayForkRun)
  :: sorting:: found: List(sbt.plugins.CorePlugin, com.typesafe.sbt.SbtNativePackager, sbt.plugins.InteractionServicePlugin, sbt.plugins.SendEventServicePlugin, sbt.plugins.SerializersPlugin, sbt.plugins.IvyPlugin, com.typesafe.sbt.packager.universal.UniversalPlugin, sbt.plugins.JvmPlugin, com.typesafe.sbt.packager.windows.WindowsPlugin, com.typesafe.sbt.packager.docker.DockerPlugin, com.typesafe.sbt.packager.linux.LinuxPlugin, play.twirl.sbt.SbtTwirl, play.sbt.routes.RoutesCompiler, sbt.plugins.JUnitXmlReportPlugin, sbt.plugins.BackgroundRunPlugin, com.typesafe.sbt.packager.rpm.RpmPlugin, com.typesafe.sbt.web.SbtWeb, com.typesafe.sbt.packager.debian.DebianPlugin, com.typesafe.sbt.packager.archetypes.JavaAppPackaging, com.typesafe.sbt.jse.SbtJsEngine) not found List(play.sbt.PlayScala, play.sbt.Play, com.typesafe.sbt.packager.archetypes.JavaServerAppPackaging, play.sbt.PlayNettyServer, play.sbt.PlayLayoutPlugin, com.typesafe.sbt.jse.SbtJsTask, com.typesafe.sbt.less.SbtLess, com.typesafe.sbt.coffeescript.SbtCoffeeScript, play.sbt.forkrun.PlayForkRun)
  :: sorting:: found: List(sbt.plugins.CorePlugin, com.typesafe.sbt.SbtNativePackager, sbt.plugins.InteractionServicePlugin, sbt.plugins.SendEventServicePlugin, sbt.plugins.SerializersPlugin, sbt.plugins.IvyPlugin, com.typesafe.sbt.packager.universal.UniversalPlugin, sbt.plugins.JvmPlugin, com.typesafe.sbt.packager.windows.WindowsPlugin, com.typesafe.sbt.packager.docker.DockerPlugin, com.typesafe.sbt.packager.linux.LinuxPlugin, play.twirl.sbt.SbtTwirl, play.sbt.routes.RoutesCompiler, sbt.plugins.JUnitXmlReportPlugin, sbt.plugins.BackgroundRunPlugin, com.typesafe.sbt.packager.rpm.RpmPlugin, com.typesafe.sbt.web.SbtWeb, com.typesafe.sbt.packager.debian.DebianPlugin, com.typesafe.sbt.packager.archetypes.JavaAppPackaging, com.typesafe.sbt.jse.SbtJsEngine, com.typesafe.sbt.packager.archetypes.JavaServerAppPackaging, com.typesafe.sbt.jse.SbtJsTask) not found List(play.sbt.PlayScala, play.sbt.Play, play.sbt.PlayNettyServer, play.sbt.PlayLayoutPlugin, com.typesafe.sbt.less.SbtLess, com.typesafe.sbt.coffeescript.SbtCoffeeScript, play.sbt.forkrun.PlayForkRun)
  :: sorting:: found: List(sbt.plugins.CorePlugin, com.typesafe.sbt.SbtNativePackager, sbt.plugins.InteractionServicePlugin, sbt.plugins.SendEventServicePlugin, sbt.plugins.SerializersPlugin, sbt.plugins.IvyPlugin, com.typesafe.sbt.packager.universal.UniversalPlugin, sbt.plugins.JvmPlugin, com.typesafe.sbt.packager.windows.WindowsPlugin, com.typesafe.sbt.packager.docker.DockerPlugin, com.typesafe.sbt.packager.linux.LinuxPlugin, play.twirl.sbt.SbtTwirl, play.sbt.routes.RoutesCompiler, sbt.plugins.JUnitXmlReportPlugin, sbt.plugins.BackgroundRunPlugin, com.typesafe.sbt.packager.rpm.RpmPlugin, com.typesafe.sbt.web.SbtWeb, com.typesafe.sbt.packager.debian.DebianPlugin, com.typesafe.sbt.packager.archetypes.JavaAppPackaging, com.typesafe.sbt.jse.SbtJsEngine, com.typesafe.sbt.packager.archetypes.JavaServerAppPackaging, com.typesafe.sbt.jse.SbtJsTask, play.sbt.Play, com.typesafe.sbt.less.SbtLess, com.typesafe.sbt.coffeescript.SbtCoffeeScript) not found List(play.sbt.PlayScala, play.sbt.PlayNettyServer, play.sbt.PlayLayoutPlugin, play.sbt.forkrun.PlayForkRun)
  :: sorting:: found: List(sbt.plugins.CorePlugin, com.typesafe.sbt.SbtNativePackager, sbt.plugins.InteractionServicePlugin, sbt.plugins.SendEventServicePlugin, sbt.plugins.SerializersPlugin, sbt.plugins.IvyPlugin, com.typesafe.sbt.packager.universal.UniversalPlugin, sbt.plugins.JvmPlugin, com.typesafe.sbt.packager.windows.WindowsPlugin, com.typesafe.sbt.packager.docker.DockerPlugin, com.typesafe.sbt.packager.linux.LinuxPlugin, play.twirl.sbt.SbtTwirl, play.sbt.routes.RoutesCompiler, sbt.plugins.JUnitXmlReportPlugin, sbt.plugins.BackgroundRunPlugin, com.typesafe.sbt.packager.rpm.RpmPlugin, com.typesafe.sbt.web.SbtWeb, com.typesafe.sbt.packager.debian.DebianPlugin, com.typesafe.sbt.packager.archetypes.JavaAppPackaging, com.typesafe.sbt.jse.SbtJsEngine, com.typesafe.sbt.packager.archetypes.JavaServerAppPackaging, com.typesafe.sbt.jse.SbtJsTask, play.sbt.Play, com.typesafe.sbt.less.SbtLess, com.typesafe.sbt.coffeescript.SbtCoffeeScript, play.sbt.PlayScala, play.sbt.PlayNettyServer, play.sbt.PlayLayoutPlugin, play.sbt.forkrun.PlayForkRun) not found List()
  :: sorted deduced result: List(sbt.plugins.CorePlugin, com.typesafe.sbt.SbtNativePackager, sbt.plugins.InteractionServicePlugin, sbt.plugins.SendEventServicePlugin, sbt.plugins.SerializersPlugin, sbt.plugins.IvyPlugin, com.typesafe.sbt.packager.universal.UniversalPlugin, sbt.plugins.JvmPlugin, com.typesafe.sbt.packager.windows.WindowsPlugin, com.typesafe.sbt.packager.docker.DockerPlugin, com.typesafe.sbt.packager.linux.LinuxPlugin, play.twirl.sbt.SbtTwirl, play.sbt.routes.RoutesCompiler, sbt.plugins.JUnitXmlReportPlugin, sbt.plugins.BackgroundRunPlugin, com.typesafe.sbt.packager.rpm.RpmPlugin, com.typesafe.sbt.web.SbtWeb, com.typesafe.sbt.packager.debian.DebianPlugin, com.typesafe.sbt.packager.archetypes.JavaAppPackaging, com.typesafe.sbt.jse.SbtJsEngine, com.typesafe.sbt.packager.archetypes.JavaServerAppPackaging, com.typesafe.sbt.jse.SbtJsTask, play.sbt.Play, com.typesafe.sbt.less.SbtLess, com.typesafe.sbt.coffeescript.SbtCoffeeScript, play.sbt.PlayScala, play.sbt.PlayNettyServer, play.sbt.PlayLayoutPlugin, play.sbt.forkrun.PlayForkRun)
[Loading] Done in /Users/brycerich/Desktop/Fall2016/ECE4012/SeniorDesign/RamblinTek/replay, returning: (root)
Set current project to replay (in build file:/Users/brycerich/Desktop/Fall2016/ECE4012/SeniorDesign/RamblinTek/replay/)
Reapplying settings...
Set current project to replay (in build file:/Users/brycerich/Desktop/Fall2016/ECE4012/SeniorDesign/RamblinTek/replay/)
> iflast shell
> server-send-ready-for-request
> server-handle-next-server-request
> compile
Evaluating tasks: compile:compile
Running task... Cancel: sbt.server.ServerTaskCancellation@478dc86f, check cycles: false
Invalidating /Users/brycerich/Desktop/Fall2016/ECE4012/SeniorDesign/RamblinTek/replay/target/scala-2.11/classes/utils/Manager.class: stamp changed from lastModified(1480643402000) to lastModified(1480643471000)

Initial source changes: 
	removed:Set()
	added: Set()
	modified: Set()
Removed products: Set()
External API changes: API Changes: Set()
Modified binary dependencies: Set(/Users/brycerich/Desktop/Fall2016/ECE4012/SeniorDesign/RamblinTek/replay/target/scala-2.11/classes/utils/Manager.class)
Initial directly invalidated sources: Set()

Sources indirectly invalidated by:
	product: Set()
	binary dep: Set(/Users/brycerich/Desktop/Fall2016/ECE4012/SeniorDesign/RamblinTek/replay/app/utils/Manager.java)
	external source: Set()
All initially invalidated sources: Set(/Users/brycerich/Desktop/Fall2016/ECE4012/SeniorDesign/RamblinTek/replay/app/utils/Manager.java)

Read from stdout: Compiling 1 Java source to /Users/brycerich/Desktop/Fall2016/ECE4012/SeniorDesign/RamblinTek/replay/target/scala-2.11/classes...
Compiling 1 Java source to /Users/brycerich/Desktop/Fall2016/ECE4012/SeniorDesign/RamblinTek/replay/target/scala-2.11/classes...
Attempting to call com.sun.tools.javac.api.JavacTool@7b736968 directly...
Java compilation took 2.451401718 s
Java analysis took 0.459517639 s
Java compile + analysis took 2.953482074 s
New invalidations:
	Set()
Initial set of included nodes: Set()
Previously invalidated, but (transitively) depend on new invalidations:
	Set()
All newly invalidated sources after taking into account (previously) recompiled sources:Set()
Total time: 6 s, completed Dec 1, 2016 11:58:01 PM
> server-post-command-cleanup
> server-handle-next-server-request
> {file:/Users/brycerich/Desktop/Fall2016/ECE4012/SeniorDesign/RamblinTek/replay/}root/compile:discoveredMainClasses
Evaluating tasks: compile:discoveredMainClasses
Running task... Cancel: sbt.server.ServerTaskCancellation@692484f5, check cycles: false
Invalidating /Users/brycerich/Desktop/Fall2016/ECE4012/SeniorDesign/RamblinTek/replay/target/scala-2.11/classes/utils/Manager.class: stamp changed from lastModified(1480643471000) to lastModified(1480654680000)

Initial source changes: 
	removed:Set()
	added: Set()
	modified: Set()
Removed products: Set()
External API changes: API Changes: Set()
Modified binary dependencies: Set(/Users/brycerich/Desktop/Fall2016/ECE4012/SeniorDesign/RamblinTek/replay/target/scala-2.11/classes/utils/Manager.class)
Initial directly invalidated sources: Set()

Sources indirectly invalidated by:
	product: Set()
	binary dep: Set(/Users/brycerich/Desktop/Fall2016/ECE4012/SeniorDesign/RamblinTek/replay/app/utils/Manager.java)
	external source: Set()
All initially invalidated sources: Set(/Users/brycerich/Desktop/Fall2016/ECE4012/SeniorDesign/RamblinTek/replay/app/utils/Manager.java)

Read from stdout: Compiling 1 Java source to /Users/brycerich/Desktop/Fall2016/ECE4012/SeniorDesign/RamblinTek/replay/target/scala-2.11/classes...
Compiling 1 Java source to /Users/brycerich/Desktop/Fall2016/ECE4012/SeniorDesign/RamblinTek/replay/target/scala-2.11/classes...
Attempting to call com.sun.tools.javac.api.JavacTool@5d5853e0 directly...
Java compilation took 0.258893572 s
Java analysis took 0.048286228 s
Java compile + analysis took 0.312707238 s
New invalidations:
	Set()
Initial set of included nodes: Set()
Previously invalidated, but (transitively) depend on new invalidations:
	Set()
All newly invalidated sources after taking into account (previously) recompiled sources:Set()
Total time: 1 s, completed Dec 1, 2016 11:58:03 PM
> server-post-command-cleanup
> server-handle-next-server-request
> {file:/Users/brycerich/Desktop/Fall2016/ECE4012/SeniorDesign/RamblinTek/replay/}root/compile:mainClass
Evaluating tasks: compile:mainClass
Running task... Cancel: sbt.server.ServerTaskCancellation@3ddabe9f, check cycles: false
Total time: 0 s, completed Dec 1, 2016 11:58:03 PM
> server-post-command-cleanup
> server-handle-next-server-request
> test
Evaluating tasks: test:test
Running task... Cancel: sbt.server.ServerTaskCancellation@3adf6ac0, check cycles: false
Invalidating /Users/brycerich/Desktop/Fall2016/ECE4012/SeniorDesign/RamblinTek/replay/target/scala-2.11/classes/utils/Manager.class: stamp changed from lastModified(1480654680000) to lastModified(1480654682000)

Initial source changes: 
	removed:Set()
	added: Set()
	modified: Set()
Removed products: Set()
External API changes: API Changes: Set()
Modified binary dependencies: Set(/Users/brycerich/Desktop/Fall2016/ECE4012/SeniorDesign/RamblinTek/replay/target/scala-2.11/classes/utils/Manager.class)
Initial directly invalidated sources: Set()

Sources indirectly invalidated by:
	product: Set()
	binary dep: Set(/Users/brycerich/Desktop/Fall2016/ECE4012/SeniorDesign/RamblinTek/replay/app/utils/Manager.java)
	external source: Set()
All initially invalidated sources: Set(/Users/brycerich/Desktop/Fall2016/ECE4012/SeniorDesign/RamblinTek/replay/app/utils/Manager.java)

Read from stdout: Compiling 1 Java source to /Users/brycerich/Desktop/Fall2016/ECE4012/SeniorDesign/RamblinTek/replay/target/scala-2.11/classes...
Compiling 1 Java source to /Users/brycerich/Desktop/Fall2016/ECE4012/SeniorDesign/RamblinTek/replay/target/scala-2.11/classes...
Attempting to call com.sun.tools.javac.api.JavacTool@4cc05197 directly...
Java compilation took 0.33794816 s
Java analysis took 0.033738702 s
Java compile + analysis took 0.37706817 s
New invalidations:
	Set()
Initial set of included nodes: Set()
Previously invalidated, but (transitively) depend on new invalidations:
	Set()
All newly invalidated sources after taking into account (previously) recompiled sources:Set()
Copy resource mappings: 
	(/Users/brycerich/Desktop/Fall2016/ECE4012/SeniorDesign/RamblinTek/replay/conf/application.conf,/Users/brycerich/Desktop/Fall2016/ECE4012/SeniorDesign/RamblinTek/replay/target/scala-2.11/classes/application.conf)
	(/Users/brycerich/Desktop/Fall2016/ECE4012/SeniorDesign/RamblinTek/replay/conf/logback.xml,/Users/brycerich/Desktop/Fall2016/ECE4012/SeniorDesign/RamblinTek/replay/target/scala-2.11/classes/logback.xml)
	(/Users/brycerich/Desktop/Fall2016/ECE4012/SeniorDesign/RamblinTek/replay/conf/routes,/Users/brycerich/Desktop/Fall2016/ECE4012/SeniorDesign/RamblinTek/replay/target/scala-2.11/classes/routes)
Warning: node.js detection failed, sbt will use the Rhino based Trireme JavaScript engine instead to run JavaScript assets compilation, which in some cases may be orders of magnitude slower than using node.js.

Initial source changes: 
	removed:Set()
	added: Set()
	modified: Set()
Removed products: Set()
External API changes: API Changes: Set()
Modified binary dependencies: Set()
Initial directly invalidated sources: Set()

Sources indirectly invalidated by:
	product: Set()
	binary dep: Set()
	external source: Set()
All initially invalidated sources: Set()

Copy resource mappings: 
	
Framework implementation 'org.scalacheck.ScalaCheckFramework' not present.
Framework implementation 'org.specs.runner.SpecsFramework' not present.
Framework implementation 'org.scalatest.tools.Framework' not present.
Framework implementation 'org.scalatest.tools.ScalaTestFramework' not present.
Subclass fingerprints: List((org.specs2.specification.core.SpecificationStructure,true,specs2 Specification fingerprint), (org.specs2.specification.core.SpecificationStructure,false,specs2 Specification fingerprint), (junit.framework.TestCase,false,com.novocode.junit.JUnit3Fingerprint@70c5cd96))
Annotation fingerprints: List((org.junit.runner.RunWith,false,com.novocode.junit.RunWithFingerprint@2c7ca43a), (org.junit.Test,false,com.novocode.junit.JUnitFingerprint@720b755e))
Forking tests - parallelism = false
Summary for specs2 not available.
Summary for JUnit not available.
Total time: 5 s, completed Dec 1, 2016 11:58:07 PM
> server-post-command-cleanup
> server-handle-next-server-request
> {file:/Users/brycerich/Desktop/Fall2016/ECE4012/SeniorDesign/RamblinTek/replay/}root/compile:discoveredMainClasses
Evaluating tasks: compile:discoveredMainClasses
Running task... Cancel: sbt.server.ServerTaskCancellation@7f297660, check cycles: false
Invalidating /Users/brycerich/Desktop/Fall2016/ECE4012/SeniorDesign/RamblinTek/replay/target/scala-2.11/classes/utils/Manager.class: stamp changed from lastModified(1480654682000) to lastModified(1480654684000)

Initial source changes: 
	removed:Set()
	added: Set()
	modified: Set()
Removed products: Set()
External API changes: API Changes: Set()
Modified binary dependencies: Set(/Users/brycerich/Desktop/Fall2016/ECE4012/SeniorDesign/RamblinTek/replay/target/scala-2.11/classes/utils/Manager.class)
Initial directly invalidated sources: Set()

Sources indirectly invalidated by:
	product: Set()
	binary dep: Set(/Users/brycerich/Desktop/Fall2016/ECE4012/SeniorDesign/RamblinTek/replay/app/utils/Manager.java)
	external source: Set()
All initially invalidated sources: Set(/Users/brycerich/Desktop/Fall2016/ECE4012/SeniorDesign/RamblinTek/replay/app/utils/Manager.java)

Read from stdout: Compiling 1 Java source to /Users/brycerich/Desktop/Fall2016/ECE4012/SeniorDesign/RamblinTek/replay/target/scala-2.11/classes...
Compiling 1 Java source to /Users/brycerich/Desktop/Fall2016/ECE4012/SeniorDesign/RamblinTek/replay/target/scala-2.11/classes...
Attempting to call com.sun.tools.javac.api.JavacTool@769b73e directly...
Java compilation took 0.423233732 s
Java analysis took 0.024474401 s
Java compile + analysis took 0.452721685 s
New invalidations:
	Set()
Initial set of included nodes: Set()
Previously invalidated, but (transitively) depend on new invalidations:
	Set()
All newly invalidated sources after taking into account (previously) recompiled sources:Set()
Total time: 1 s, completed Dec 1, 2016 11:58:08 PM
> server-post-command-cleanup
> server-handle-next-server-request
> backgroundRun
Evaluating tasks: compile:backgroundRun
Running task... Cancel: sbt.server.ServerTaskCancellation@1b450856, check cycles: false
Total time: 1 s, completed Dec 1, 2016 11:58:42 PM
> server-post-command-cleanup
> server-handle-next-server-request
> {file:/Users/brycerich/Desktop/Fall2016/ECE4012/SeniorDesign/RamblinTek/replay/}root/*:playForkConfig
Evaluating tasks: *:playForkConfig
Running task... Cancel: sbt.server.ServerTaskCancellation@1247af0e, check cycles: false
Total time: 1 s, completed Dec 1, 2016 11:59:08 PM
> server-post-command-cleanup
> server-handle-next-server-request
> root/playForkNotifyStart http://localhost:9000
Evaluating tasks: *:playForkNotifyStart
Running task... Cancel: sbt.server.ServerTaskCancellation@6749b4b3, check cycles: false
Total time: 0 s, completed Dec 1, 2016 11:59:13 PM
> server-post-command-cleanup
> server-handle-next-server-request
> {file:/Users/brycerich/Desktop/Fall2016/ECE4012/SeniorDesign/RamblinTek/replay/}root/*:playForkReload
Evaluating tasks: *:playForkReload
Running task... Cancel: sbt.server.ServerTaskCancellation@40f02525, check cycles: false
Invalidating /Users/brycerich/Desktop/Fall2016/ECE4012/SeniorDesign/RamblinTek/replay/target/scala-2.11/classes/utils/Manager.class: stamp changed from lastModified(1480654684000) to lastModified(1480654688000)

Initial source changes: 
	removed:Set()
	added: Set()
	modified: Set()
Removed products: Set()
External API changes: API Changes: Set()
Modified binary dependencies: Set(/Users/brycerich/Desktop/Fall2016/ECE4012/SeniorDesign/RamblinTek/replay/target/scala-2.11/classes/utils/Manager.class)
Initial directly invalidated sources: Set()

Sources indirectly invalidated by:
	product: Set()
	binary dep: Set(/Users/brycerich/Desktop/Fall2016/ECE4012/SeniorDesign/RamblinTek/replay/app/utils/Manager.java)
	external source: Set()
All initially invalidated sources: Set(/Users/brycerich/Desktop/Fall2016/ECE4012/SeniorDesign/RamblinTek/replay/app/utils/Manager.java)

Read from stdout: Compiling 1 Java source to /Users/brycerich/Desktop/Fall2016/ECE4012/SeniorDesign/RamblinTek/replay/target/scala-2.11/classes...
Compiling 1 Java source to /Users/brycerich/Desktop/Fall2016/ECE4012/SeniorDesign/RamblinTek/replay/target/scala-2.11/classes...
Attempting to call com.sun.tools.javac.api.JavacTool@a253164 directly...
Java compilation took 0.387388601 s
Java analysis took 0.019045582 s
Java compile + analysis took 0.434770475 s
New invalidations:
	Set()
Initial set of included nodes: Set()
Previously invalidated, but (transitively) depend on new invalidations:
	Set()
All newly invalidated sources after taking into account (previously) recompiled sources:Set()
Copy resource mappings: 
	(/Users/brycerich/Desktop/Fall2016/ECE4012/SeniorDesign/RamblinTek/replay/conf/application.conf,/Users/brycerich/Desktop/Fall2016/ECE4012/SeniorDesign/RamblinTek/replay/target/scala-2.11/classes/application.conf)
	(/Users/brycerich/Desktop/Fall2016/ECE4012/SeniorDesign/RamblinTek/replay/conf/logback.xml,/Users/brycerich/Desktop/Fall2016/ECE4012/SeniorDesign/RamblinTek/replay/target/scala-2.11/classes/logback.xml)
	(/Users/brycerich/Desktop/Fall2016/ECE4012/SeniorDesign/RamblinTek/replay/conf/routes,/Users/brycerich/Desktop/Fall2016/ECE4012/SeniorDesign/RamblinTek/replay/target/scala-2.11/classes/routes)
Total time: 2 s, completed Dec 1, 2016 11:59:30 PM
> server-post-command-cleanup
> server-handle-next-server-request
> jobStop 1
Evaluating tasks: *:jobStop
Running task... Cancel: sbt.server.ServerTaskCancellation@4d798281, check cycles: false
Total time: 0 s, completed Dec 2, 2016 12:01:00 AM
> server-post-command-cleanup
> server-handle-next-server-request
> compile
Evaluating tasks: compile:compile
Running task... Cancel: sbt.server.ServerTaskCancellation@275568ec, check cycles: false
Invalidating /Users/brycerich/Desktop/Fall2016/ECE4012/SeniorDesign/RamblinTek/replay/target/scala-2.11/classes/utils/Manager.class: stamp changed from lastModified(1480654688000) to lastModified(1480654769000)

Initial source changes: 
	removed:Set()
	added: Set()
	modified: Set()
Removed products: Set()
External API changes: API Changes: Set()
Modified binary dependencies: Set(/Users/brycerich/Desktop/Fall2016/ECE4012/SeniorDesign/RamblinTek/replay/target/scala-2.11/classes/utils/Manager.class)
Initial directly invalidated sources: Set()

Sources indirectly invalidated by:
	product: Set()
	binary dep: Set(/Users/brycerich/Desktop/Fall2016/ECE4012/SeniorDesign/RamblinTek/replay/app/utils/Manager.java)
	external source: Set()
All initially invalidated sources: Set(/Users/brycerich/Desktop/Fall2016/ECE4012/SeniorDesign/RamblinTek/replay/app/utils/Manager.java)

Read from stdout: Compiling 1 Java source to /Users/brycerich/Desktop/Fall2016/ECE4012/SeniorDesign/RamblinTek/replay/target/scala-2.11/classes...
Compiling 1 Java source to /Users/brycerich/Desktop/Fall2016/ECE4012/SeniorDesign/RamblinTek/replay/target/scala-2.11/classes...
Attempting to call com.sun.tools.javac.api.JavacTool@325c6086 directly...
Java compilation took 1.515619879 s
Java analysis took 0.017182966 s
Java compile + analysis took 1.647917088 s
New invalidations:
	Set()
Initial set of included nodes: Set()
Previously invalidated, but (transitively) depend on new invalidations:
	Set()
All newly invalidated sources after taking into account (previously) recompiled sources:Set()
Total time: 2 s, completed Dec 2, 2016 12:02:00 AM
> server-post-command-cleanup
> server-handle-next-server-request
> {file:/Users/brycerich/Desktop/Fall2016/ECE4012/SeniorDesign/RamblinTek/replay/}root/compile:discoveredMainClasses
Evaluating tasks: compile:discoveredMainClasses
Running task... Cancel: sbt.server.ServerTaskCancellation@63397ff6, check cycles: false
Invalidating /Users/brycerich/Desktop/Fall2016/ECE4012/SeniorDesign/RamblinTek/replay/target/scala-2.11/classes/utils/Manager.class: stamp changed from lastModified(1480654769000) to lastModified(1480654920000)

Initial source changes: 
	removed:Set()
	added: Set()
	modified: Set()
Removed products: Set()
External API changes: API Changes: Set()
Modified binary dependencies: Set(/Users/brycerich/Desktop/Fall2016/ECE4012/SeniorDesign/RamblinTek/replay/target/scala-2.11/classes/utils/Manager.class)
Initial directly invalidated sources: Set()

Sources indirectly invalidated by:
	product: Set()
	binary dep: Set(/Users/brycerich/Desktop/Fall2016/ECE4012/SeniorDesign/RamblinTek/replay/app/utils/Manager.java)
	external source: Set()
All initially invalidated sources: Set(/Users/brycerich/Desktop/Fall2016/ECE4012/SeniorDesign/RamblinTek/replay/app/utils/Manager.java)

Read from stdout: Compiling 1 Java source to /Users/brycerich/Desktop/Fall2016/ECE4012/SeniorDesign/RamblinTek/replay/target/scala-2.11/classes...
Compiling 1 Java source to /Users/brycerich/Desktop/Fall2016/ECE4012/SeniorDesign/RamblinTek/replay/target/scala-2.11/classes...
Attempting to call com.sun.tools.javac.api.JavacTool@61e28307 directly...
Java compilation took 0.115465383 s
Java analysis took 0.017515896 s
Java compile + analysis took 0.147616566 s
New invalidations:
	Set()
Initial set of included nodes: Set()
Previously invalidated, but (transitively) depend on new invalidations:
	Set()
All newly invalidated sources after taking into account (previously) recompiled sources:Set()
Total time: 0 s, completed Dec 2, 2016 12:02:01 AM
> server-post-command-cleanup
> server-handle-next-server-request
> {file:/Users/brycerich/Desktop/Fall2016/ECE4012/SeniorDesign/RamblinTek/replay/}root/compile:mainClass
Evaluating tasks: compile:mainClass
Running task... Cancel: sbt.server.ServerTaskCancellation@72ac2ff4, check cycles: false
Total time: 0 s, completed Dec 2, 2016 12:02:01 AM
> server-post-command-cleanup
> server-handle-next-server-request
> test
Evaluating tasks: test:test
Running task... Cancel: sbt.server.ServerTaskCancellation@3144a943, check cycles: false

Initial source changes: 
	removed:Set()
	added: Set()
	modified: Set()
Removed products: Set()
External API changes: API Changes: Set()
Modified binary dependencies: Set()
Initial directly invalidated sources: Set()

Sources indirectly invalidated by:
	product: Set()
	binary dep: Set()
	external source: Set()
All initially invalidated sources: Set()

Copy resource mappings: 
	(/Users/brycerich/Desktop/Fall2016/ECE4012/SeniorDesign/RamblinTek/replay/conf/application.conf,/Users/brycerich/Desktop/Fall2016/ECE4012/SeniorDesign/RamblinTek/replay/target/scala-2.11/classes/application.conf)
	(/Users/brycerich/Desktop/Fall2016/ECE4012/SeniorDesign/RamblinTek/replay/conf/logback.xml,/Users/brycerich/Desktop/Fall2016/ECE4012/SeniorDesign/RamblinTek/replay/target/scala-2.11/classes/logback.xml)
	(/Users/brycerich/Desktop/Fall2016/ECE4012/SeniorDesign/RamblinTek/replay/conf/routes,/Users/brycerich/Desktop/Fall2016/ECE4012/SeniorDesign/RamblinTek/replay/target/scala-2.11/classes/routes)
Read from stdout: CoffeeScript compiling on 1 source(s)
CoffeeScript compiling on 1 source(s)

Initial source changes: 
	removed:Set()
	added: Set()
	modified: Set()
Removed products: Set()
External API changes: API Changes: Set()
Modified binary dependencies: Set()
Initial directly invalidated sources: Set()

Sources indirectly invalidated by:
	product: Set()
	binary dep: Set()
	external source: Set()
All initially invalidated sources: Set()

Copy resource mappings: 
	
Framework implementation 'org.scalacheck.ScalaCheckFramework' not present.
Framework implementation 'org.specs.runner.SpecsFramework' not present.
Framework implementation 'org.scalatest.tools.Framework' not present.
Framework implementation 'org.scalatest.tools.ScalaTestFramework' not present.
Subclass fingerprints: List((org.specs2.specification.core.SpecificationStructure,true,specs2 Specification fingerprint), (org.specs2.specification.core.SpecificationStructure,false,specs2 Specification fingerprint), (junit.framework.TestCase,false,com.novocode.junit.JUnit3Fingerprint@3f4de90))
Annotation fingerprints: List((org.junit.runner.RunWith,false,com.novocode.junit.RunWithFingerprint@3f56d2af), (org.junit.Test,false,com.novocode.junit.JUnitFingerprint@2881f403))
Forking tests - parallelism = false
Summary for specs2 not available.
Summary for JUnit not available.
Total time: 5 s, completed Dec 2, 2016 12:02:05 AM
> server-post-command-cleanup
> server-handle-next-server-request
> backgroundRun
Evaluating tasks: compile:backgroundRun
Running task... Cancel: sbt.server.ServerTaskCancellation@6881e6e, check cycles: false
Total time: 0 s, completed Dec 2, 2016 12:02:08 AM
> server-post-command-cleanup
> server-handle-next-server-request
> {file:/Users/brycerich/Desktop/Fall2016/ECE4012/SeniorDesign/RamblinTek/replay/}root/*:playForkConfig
Evaluating tasks: *:playForkConfig
Running task... Cancel: sbt.server.ServerTaskCancellation@3f9f55e2, check cycles: false
Total time: 0 s, completed Dec 2, 2016 12:02:12 AM
> server-post-command-cleanup
> server-handle-next-server-request
> root/playForkNotifyStart http://localhost:9000
Evaluating tasks: *:playForkNotifyStart
Running task... Cancel: sbt.server.ServerTaskCancellation@3cb06e4b, check cycles: false
Total time: 0 s, completed Dec 2, 2016 12:02:14 AM
> server-post-command-cleanup
> server-handle-next-server-request
> {file:/Users/brycerich/Desktop/Fall2016/ECE4012/SeniorDesign/RamblinTek/replay/}root/*:playForkReload
Evaluating tasks: *:playForkReload
Running task... Cancel: sbt.server.ServerTaskCancellation@3c40c03e, check cycles: false

Initial source changes: 
	removed:Set()
	added: Set()
	modified: Set()
Removed products: Set()
External API changes: API Changes: Set()
Modified binary dependencies: Set()
Initial directly invalidated sources: Set()

Sources indirectly invalidated by:
	product: Set()
	binary dep: Set()
	external source: Set()
All initially invalidated sources: Set()

Copy resource mappings: 
	(/Users/brycerich/Desktop/Fall2016/ECE4012/SeniorDesign/RamblinTek/replay/conf/application.conf,/Users/brycerich/Desktop/Fall2016/ECE4012/SeniorDesign/RamblinTek/replay/target/scala-2.11/classes/application.conf)
	(/Users/brycerich/Desktop/Fall2016/ECE4012/SeniorDesign/RamblinTek/replay/conf/logback.xml,/Users/brycerich/Desktop/Fall2016/ECE4012/SeniorDesign/RamblinTek/replay/target/scala-2.11/classes/logback.xml)
	(/Users/brycerich/Desktop/Fall2016/ECE4012/SeniorDesign/RamblinTek/replay/conf/routes,/Users/brycerich/Desktop/Fall2016/ECE4012/SeniorDesign/RamblinTek/replay/target/scala-2.11/classes/routes)
Total time: 1 s, completed Dec 2, 2016 12:02:23 AM
> server-post-command-cleanup
> server-handle-next-server-request
> compile
Evaluating tasks: compile:compile
Running task... Cancel: sbt.server.ServerTaskCancellation@60d17ce6, check cycles: false

Initial source changes: 
	removed:Set()
	added: Set()
	modified: Set(/Users/brycerich/Desktop/Fall2016/ECE4012/SeniorDesign/RamblinTek/replay/app/utils/FakeStockQuote.java, /Users/brycerich/Desktop/Fall2016/ECE4012/SeniorDesign/RamblinTek/replay/app/utils/Manager.java)
Removed products: Set()
External API changes: API Changes: Set()
Modified binary dependencies: Set()
Initial directly invalidated sources: Set(/Users/brycerich/Desktop/Fall2016/ECE4012/SeniorDesign/RamblinTek/replay/app/utils/FakeStockQuote.java, /Users/brycerich/Desktop/Fall2016/ECE4012/SeniorDesign/RamblinTek/replay/app/utils/Manager.java)

Sources indirectly invalidated by:
	product: Set()
	binary dep: Set()
	external source: Set()
All initially invalidated sources: Set(/Users/brycerich/Desktop/Fall2016/ECE4012/SeniorDesign/RamblinTek/replay/app/utils/FakeStockQuote.java, /Users/brycerich/Desktop/Fall2016/ECE4012/SeniorDesign/RamblinTek/replay/app/utils/Manager.java)

Read from stdout: Compiling 2 Java sources to /Users/brycerich/Desktop/Fall2016/ECE4012/SeniorDesign/RamblinTek/replay/target/scala-2.11/classes...
Compiling 2 Java sources to /Users/brycerich/Desktop/Fall2016/ECE4012/SeniorDesign/RamblinTek/replay/target/scala-2.11/classes...
Attempting to call com.sun.tools.javac.api.JavacTool@46ca56cb directly...
Java compilation took 0.602918214 s
Java analysis took 0.029426476 s
Java compile + analysis took 0.721710629 s
New invalidations:
	Set()
Initial set of included nodes: Set()
Previously invalidated, but (transitively) depend on new invalidations:
	Set()
All newly invalidated sources after taking into account (previously) recompiled sources:Set()
Total time: 2 s, completed Dec 2, 2016 12:04:21 AM
> server-post-command-cleanup
> server-handle-next-server-request
> jobStop 2
Evaluating tasks: *:jobStop
Running task... Cancel: sbt.server.ServerTaskCancellation@345caa5d, check cycles: false
Total time: 0 s, completed Dec 2, 2016 12:04:21 AM
> server-post-command-cleanup
> server-handle-next-server-request
> backgroundRun
Evaluating tasks: compile:backgroundRun
Running task... Cancel: sbt.server.ServerTaskCancellation@19d3821c, check cycles: false
Total time: 0 s, completed Dec 2, 2016 12:04:21 AM
> server-post-command-cleanup
> server-handle-next-server-request
> test
Evaluating tasks: test:test
Running task... Cancel: sbt.server.ServerTaskCancellation@7ea1fd8e, check cycles: false
Invalidating /Users/brycerich/Desktop/Fall2016/ECE4012/SeniorDesign/RamblinTek/replay/target/scala-2.11/classes/utils/Manager.class: stamp changed from lastModified(1480654920000) to lastModified(1480655060000)

Initial source changes: 
	removed:Set()
	added: Set()
	modified: Set()
Removed products: Set()
External API changes: API Changes: Set()
Modified binary dependencies: Set(/Users/brycerich/Desktop/Fall2016/ECE4012/SeniorDesign/RamblinTek/replay/target/scala-2.11/classes/utils/Manager.class)
Initial directly invalidated sources: Set()

Sources indirectly invalidated by:
	product: Set()
	binary dep: Set(/Users/brycerich/Desktop/Fall2016/ECE4012/SeniorDesign/RamblinTek/replay/app/utils/Manager.java)
	external source: Set()
All initially invalidated sources: Set(/Users/brycerich/Desktop/Fall2016/ECE4012/SeniorDesign/RamblinTek/replay/app/utils/Manager.java)

Read from stdout: Compiling 1 Java source to /Users/brycerich/Desktop/Fall2016/ECE4012/SeniorDesign/RamblinTek/replay/target/scala-2.11/classes...
Compiling 1 Java source to /Users/brycerich/Desktop/Fall2016/ECE4012/SeniorDesign/RamblinTek/replay/target/scala-2.11/classes...
Attempting to call com.sun.tools.javac.api.JavacTool@5d80cc20 directly...
Java compilation took 0.283218211 s
Java analysis took 0.240111122 s
Java compile + analysis took 0.528959626 s
New invalidations:
	Set()
Initial set of included nodes: Set()
Previously invalidated, but (transitively) depend on new invalidations:
	Set()
All newly invalidated sources after taking into account (previously) recompiled sources:Set()
Copy resource mappings: 
	(/Users/brycerich/Desktop/Fall2016/ECE4012/SeniorDesign/RamblinTek/replay/conf/application.conf,/Users/brycerich/Desktop/Fall2016/ECE4012/SeniorDesign/RamblinTek/replay/target/scala-2.11/classes/application.conf)
	(/Users/brycerich/Desktop/Fall2016/ECE4012/SeniorDesign/RamblinTek/replay/conf/logback.xml,/Users/brycerich/Desktop/Fall2016/ECE4012/SeniorDesign/RamblinTek/replay/target/scala-2.11/classes/logback.xml)
	(/Users/brycerich/Desktop/Fall2016/ECE4012/SeniorDesign/RamblinTek/replay/conf/routes,/Users/brycerich/Desktop/Fall2016/ECE4012/SeniorDesign/RamblinTek/replay/target/scala-2.11/classes/routes)

Initial source changes: 
	removed:Set()
	added: Set()
	modified: Set()
Removed products: Set()
External API changes: API Changes: Set()
Modified binary dependencies: Set()
Initial directly invalidated sources: Set()

Sources indirectly invalidated by:
	product: Set()
	binary dep: Set()
	external source: Set()
All initially invalidated sources: Set()

Copy resource mappings: 
	
Framework implementation 'org.scalacheck.ScalaCheckFramework' not present.
Framework implementation 'org.specs.runner.SpecsFramework' not present.
Framework implementation 'org.scalatest.tools.Framework' not present.
Framework implementation 'org.scalatest.tools.ScalaTestFramework' not present.
Subclass fingerprints: List((org.specs2.specification.core.SpecificationStructure,true,specs2 Specification fingerprint), (org.specs2.specification.core.SpecificationStructure,false,specs2 Specification fingerprint), (junit.framework.TestCase,false,com.novocode.junit.JUnit3Fingerprint@c720459))
Annotation fingerprints: List((org.junit.runner.RunWith,false,com.novocode.junit.RunWithFingerprint@15065d55), (org.junit.Test,false,com.novocode.junit.JUnitFingerprint@1840358a))
Forking tests - parallelism = false
Summary for specs2 not available.
Summary for JUnit not available.
Total time: 2 s, completed Dec 2, 2016 12:04:23 AM
> server-post-command-cleanup
> server-handle-next-server-request
> jobStop 2
Evaluating tasks: *:jobStop
Running task... Cancel: sbt.server.ServerTaskCancellation@3c4ed977, check cycles: false
Exception in thread "sbt-bg-threads-2" java.lang.Error: java.lang.InterruptedException: sleep interrupted
	at java.util.concurrent.ThreadPoolExecutor.runWorker(ThreadPoolExecutor.java:1148)
	at java.util.concurrent.ThreadPoolExecutor$Worker.run(ThreadPoolExecutor.java:617)
	at java.lang.Thread.run(Thread.java:745)
Caused by: java.lang.InterruptedException: sleep interrupted
	at java.lang.Thread.sleep(Native Method)
	at play.sbt.forkrun.PlayForkProcess$.timedWaitFor(PlayForkProcess.scala:80)
	at play.sbt.forkrun.PlayForkProcess$.play$sbt$forkrun$PlayForkProcess$$stop$1(PlayForkProcess.scala:54)
	at play.sbt.forkrun.PlayForkProcess$.run(PlayForkProcess.scala:70)
	at play.sbt.forkrun.PlayForkProcess$.apply(PlayForkProcess.scala:35)
	at play.sbt.forkrun.PlayForkRun$$anonfun$backgroundForkRunTask$1$$anonfun$apply$7$$anonfun$apply$8$$anonfun$apply$9.apply(PlayForkRun.scala:108)
	at play.sbt.forkrun.PlayForkRun$$anonfun$backgroundForkRunTask$1$$anonfun$apply$7$$anonfun$apply$8$$anonfun$apply$9.apply(PlayForkRun.scala:107)
	at sbt.BackgroundThreadPool$$anonfun$1.apply$mcV$sp(AbstractBackgroundJobService.scala:134)
	at sbt.BackgroundThreadPool$BackgroundRunnable.run(AbstractBackgroundJobService.scala:68)
	at java.util.concurrent.ThreadPoolExecutor.runWorker(ThreadPoolExecutor.java:1142)
	... 2 more
Total time: 0 s, completed Dec 2, 2016 12:04:23 AM
> server-post-command-cleanup
> server-handle-next-server-request
> jobStop 3
Evaluating tasks: *:jobStop
Running task... Cancel: sbt.server.ServerTaskCancellation@4db3fd00, check cycles: false
Total time: 0 s, completed Dec 2, 2016 12:04:23 AM
> server-post-command-cleanup
> server-handle-next-server-request
> backgroundRun
Evaluating tasks: compile:backgroundRun
Running task... Cancel: sbt.server.ServerTaskCancellation@36f59bc9, check cycles: false
Total time: 0 s, completed Dec 2, 2016 12:04:56 AM
> server-post-command-cleanup
> server-handle-next-server-request
> {file:/Users/brycerich/Desktop/Fall2016/ECE4012/SeniorDesign/RamblinTek/replay/}root/*:playForkConfig
Evaluating tasks: *:playForkConfig
Running task... Cancel: sbt.server.ServerTaskCancellation@28a82497, check cycles: false
Total time: 0 s, completed Dec 2, 2016 12:05:00 AM
> server-post-command-cleanup
> server-handle-next-server-request
> root/playForkNotifyStart http://localhost:9000
Evaluating tasks: *:playForkNotifyStart
Running task... Cancel: sbt.server.ServerTaskCancellation@287efb44, check cycles: false
Total time: 0 s, completed Dec 2, 2016 12:05:02 AM
> server-post-command-cleanup
> server-handle-next-server-request
> {file:/Users/brycerich/Desktop/Fall2016/ECE4012/SeniorDesign/RamblinTek/replay/}root/*:playForkReload
Evaluating tasks: *:playForkReload
Running task... Cancel: sbt.server.ServerTaskCancellation@b65d4da, check cycles: false
Invalidating /Users/brycerich/Desktop/Fall2016/ECE4012/SeniorDesign/RamblinTek/replay/target/scala-2.11/classes/utils/Manager.class: stamp changed from lastModified(1480655060000) to lastModified(1480655062000)

Initial source changes: 
	removed:Set()
	added: Set()
	modified: Set()
Removed products: Set()
External API changes: API Changes: Set()
Modified binary dependencies: Set(/Users/brycerich/Desktop/Fall2016/ECE4012/SeniorDesign/RamblinTek/replay/target/scala-2.11/classes/utils/Manager.class)
Initial directly invalidated sources: Set()

Sources indirectly invalidated by:
	product: Set()
	binary dep: Set(/Users/brycerich/Desktop/Fall2016/ECE4012/SeniorDesign/RamblinTek/replay/app/utils/Manager.java)
	external source: Set()
All initially invalidated sources: Set(/Users/brycerich/Desktop/Fall2016/ECE4012/SeniorDesign/RamblinTek/replay/app/utils/Manager.java)

Read from stdout: Compiling 1 Java source to /Users/brycerich/Desktop/Fall2016/ECE4012/SeniorDesign/RamblinTek/replay/target/scala-2.11/classes...
Compiling 1 Java source to /Users/brycerich/Desktop/Fall2016/ECE4012/SeniorDesign/RamblinTek/replay/target/scala-2.11/classes...
Attempting to call com.sun.tools.javac.api.JavacTool@44d4e44a directly...
Java compilation took 0.475859588 s
Java analysis took 0.058478277 s
Java compile + analysis took 0.581534294 s
New invalidations:
	Set()
Initial set of included nodes: Set()
Previously invalidated, but (transitively) depend on new invalidations:
	Set()
All newly invalidated sources after taking into account (previously) recompiled sources:Set()
Copy resource mappings: 
	(/Users/brycerich/Desktop/Fall2016/ECE4012/SeniorDesign/RamblinTek/replay/conf/application.conf,/Users/brycerich/Desktop/Fall2016/ECE4012/SeniorDesign/RamblinTek/replay/target/scala-2.11/classes/application.conf)
	(/Users/brycerich/Desktop/Fall2016/ECE4012/SeniorDesign/RamblinTek/replay/conf/logback.xml,/Users/brycerich/Desktop/Fall2016/ECE4012/SeniorDesign/RamblinTek/replay/target/scala-2.11/classes/logback.xml)
	(/Users/brycerich/Desktop/Fall2016/ECE4012/SeniorDesign/RamblinTek/replay/conf/routes,/Users/brycerich/Desktop/Fall2016/ECE4012/SeniorDesign/RamblinTek/replay/target/scala-2.11/classes/routes)
Total time: 1 s, completed Dec 2, 2016 12:05:15 AM
> server-post-command-cleanup
> server-handle-next-server-request
